1_4_delayArray
(
    [0] => 1
    [1] => 4
    [2] => delay
)
订单已被回收,刷手id4-----order_item id = 111_4_delayArray
(
    [0] => 11
    [1] => 4
    [2] => delay
)
订单已被回收,刷手id4-----order_item id = 111_4_delayArray
(
    [0] => 1
    [1] => 4
    [2] => delay
)
订单已被回收,刷手id4-----order_item id = 111_4_delayArray
(
    [0] => 11
    [1] => 4
    [2] => delay
)
订单已被回收,刷手id4-----order_item id = 1111_4_delayArray
(
    [0] => 11
    [1] => 4
    [2] => delay
)
订单已被回收,刷手id4-----order_item id = 1111_4_delayArray
(
    [0] => 11
    [1] => 4
    [2] => delay
)
订单已被回收,刷手id4-----order_item id = 1111_4_delayArray
(
    [0] => 11
    [1] => 4
    [2] => delay
)
订单已被回收,刷手id4-----order_item id = 1111_4_activeArray
(
    [0] => 11
    [1] => 4
    [2] => active
)
11_4_activeArray
(
    [0] => 11
    [1] => 4
    [2] => active
)
11_4_activeArray
(
    [0] => 11
    [1] => 4
    [2] => active
)
11_4_activeArray
(
    [0] => 11
    [1] => 4
    [2] => active
)
11_4_activeArray
(
    [0] => 11
    [1] => 4
    [2] => active
)
11_4_activeArray
(
    [0] => 11
    [1] => 4
    [2] => active
)
11_4_activeArray
(
    [0] => 11
    [1] => 4
    [2] => active
)
11_4_activeArray
(
    [0] => 11
    [1] => 4
    [2] => active
)
11_4_activeArray
(
    [0] => 11
    [1] => 4
    [2] => active
)
11_4_activeArray
(
    [0] => 11
    [1] => 4
    [2] => active
)
21_4_delayArray
(
    [0] => 21
    [1] => 4
    [2] => delay
)
订单已被回收,刷手id4-----order_item id = 2111_4_activeArray
(
    [0] => 11
    [1] => 4
    [2] => active
)
11_4_delayArray
(
    [0] => 11
    [1] => 4
    [2] => delay
)
订单已被回收,刷手id4-----order_item id = 1111_4_activeArray
(
    [0] => 11
    [1] => 4
    [2] => active
)
11_4_activeArray
(
    [0] => 11
    [1] => 4
    [2] => active
)
11_4_activeArray
(
    [0] => 11
    [1] => 4
    [2] => active
)
11_4_activeArray
(
    [0] => 11
    [1] => 4
    [2] => active
)
11_4_activeArray
(
    [0] => 11
    [1] => 4
    [2] => active
)
11_4_activeArray
(
    [0] => 11
    [1] => 4
    [2] => active
)
11_4_activeArray
(
    [0] => 11
    [1] => 4
    [2] => active
)
11_4_activeArray
(
    [0] => 11
    [1] => 4
    [2] => active
)
11_4_activeArray
(
    [0] => 11
    [1] => 4
    [2] => active
)
11_4_activeArray
(
    [0] => 11
    [1] => 4
    [2] => active
)
11_4_activeArray
(
    [0] => 11
    [1] => 4
    [2] => active
)
11_4_activeArray
(
    [0] => 11
    [1] => 4
    [2] => active
)
11_4_activeArray
(
    [0] => 11
    [1] => 4
    [2] => active
)
11_4_activeArray
(
    [0] => 11
    [1] => 4
    [2] => active
)
11_4_activeArray
(
    [0] => 11
    [1] => 4
    [2] => active
)
11_4_activeArray
(
    [0] => 11
    [1] => 4
    [2] => active
)
11_4_activeArray
(
    [0] => 11
    [1] => 4
    [2] => active
)
11_4_activeArray
(
    [0] => 11
    [1] => 4
    [2] => active
)
11_4_activeArray
(
    [0] => 11
    [1] => 4
    [2] => active
)
11_4_activeArray
(
    [0] => 11
    [1] => 4
    [2] => active
)
11_4_activeArray
(
    [0] => 11
    [1] => 4
    [2] => active
)
11_4_activeArray
(
    [0] => 11
    [1] => 4
    [2] => active
)
21_4_activeArray
(
    [0] => 21
    [1] => 4
    [2] => active
)
21_4_activeArray
(
    [0] => 21
    [1] => 4
    [2] => active
)
11_4_activeArray
(
    [0] => 11
    [1] => 4
    [2] => active
)
26_4_activeArray
(
    [0] => 26
    [1] => 4
    [2] => active
)
26_4_activeArray
(
    [0] => 26
    [1] => 4
    [2] => active
)
26_4_activeArray
(
    [0] => 26
    [1] => 4
    [2] => active
)
31_4_activeArray
(
    [0] => 31
    [1] => 4
    [2] => active
)
21_4_activeArray
(
    [0] => 21
    [1] => 4
    [2] => active
)
34_4_delayArray
(
    [0] => 34
    [1] => 4
    [2] => delay
)
订单已被回收,刷手id4-----order_item id = 3431_5_activeArray
(
    [0] => 31
    [1] => 5
    [2] => active
)
10_4_delayArray
(
    [0] => 10
    [1] => 4
    [2] => delay
)
订单已被回收,刷手id4-----order_item id = 1011_5_delayArray
(
    [0] => 11
    [1] => 5
    [2] => delay
)
订单已被回收,刷手id5-----order_item id = 1134_5_delayArray
(
    [0] => 34
    [1] => 5
    [2] => delay
)
订单已被回收,刷手id5-----order_item id = 3421_5_delayArray
(
    [0] => 21
    [1] => 5
    [2] => delay
)
订单已被回收,刷手id5-----order_item id = 2126_5_delayArray
(
    [0] => 26
    [1] => 5
    [2] => delay
)
订单已被回收,刷手id5-----order_item id = 2611_5_delayArray
(
    [0] => 11
    [1] => 5
    [2] => delay
)
订单已被回收,刷手id5-----order_item id = 1126_5_delayArray
(
    [0] => 26
    [1] => 5
    [2] => delay
)
订单已被回收,刷手id5-----order_item id = 2634_5_delayArray
(
    [0] => 34
    [1] => 5
    [2] => delay
)
订单已被回收,刷手id5-----order_item id = 3421_5_activeArray
(
    [0] => 21
    [1] => 5
    [2] => active
)
11_5_delayArray
(
    [0] => 11
    [1] => 5
    [2] => delay
)
订单已被回收,刷手id5-----order_item id = 1126_5_activeArray
(
    [0] => 26
    [1] => 5
    [2] => active
)
11_5_activeArray
(
    [0] => 11
    [1] => 5
    [2] => active
)
